<?xml version="1.0" encoding="UTF-8"?>
<!-- Generated by org.testng.reporters.JUnitXMLReporter -->
<testsuite ignored="1" hostname="DESKTOP-TLR6I43" failures="2" tests="12" name="Test" time="0.342" errors="0" timestamp="2024-01-03T09:16:48 IST">
  <testcase classname="javaPackage.TestNG5" name="a" time="0.03">
    <failure type="java.lang.AssertionError" message="expected [true] but found [false]">
      <![CDATA[java.lang.AssertionError: expected [true] but found [false]
at javaPackage.TestNG5.a(TestNG5.java:11)
at java.base/java.util.ArrayList.forEach(ArrayList.java:1511)
... Removed 31 stack frames]]>
    </failure>
  </testcase> <!-- a -->
  <testcase classname="javaPackage.TestNG5" name="a" time="0.025">
    <failure type="java.lang.AssertionError" message="expected [true] but found [false]">
      <![CDATA[java.lang.AssertionError: expected [true] but found [false]
at javaPackage.TestNG5.a(TestNG5.java:11)
at java.base/java.util.ArrayList.forEach(ArrayList.java:1511)
... Removed 31 stack frames]]>
    </failure>
  </testcase> <!-- a -->
  <testcase classname="javaPackage.TestNG5" name="b" time="0.001">
    <skipped/>
  </testcase> <!-- b -->
  <testcase classname="javaPackage.TestNG3" name="a" time="0.006"/>
  <testcase classname="javaPackage.TestNG3" name="b" time="0.005"/>
  <testcase classname="javaPackage.TestNG3" name="d" time="0.006"/>
  <testcase classname="javaPackage.TestNG3" name="c" time="0.006"/>
  <testcase classname="javaPackage.TestNG4" name="b" time="0.003"/>
  <testcase classname="javaPackage.TestNG4" name="c" time="0.004"/>
  <testcase classname="javaPackage.TestNG4" name="c" time="0.006"/>
  <testcase classname="javaPackage.TestNG2" name="a3Tst" time="0.002"/>
  <testcase classname="javaPackage.TestNG2" name="abTst" time="0.007"/>
  <testcase classname="javaPackage.TestNG4" name="a" time="0.0">
    <ignored/>
  </testcase> <!-- a -->
</testsuite> <!-- Test -->
