<?xml version="1.0" encoding="UTF-8"?>
<testng-results ignored="0" total="1" passed="1" failed="0" skipped="0">
  <reporter-output>
  </reporter-output>
  <suite started-at="2024-01-13T22:43:22 IST" name="Default suite" finished-at="2024-01-13T22:43:23 IST" duration-ms="182">
    <groups>
    </groups>
    <test started-at="2024-01-13T22:43:22 IST" name="Default test" finished-at="2024-01-13T22:43:23 IST" duration-ms="182">
      <class name="javaPackage.TestNGListenerDemo">
        <test-method signature="aMeth()[pri:0, instance:javaPackage.TestNGListenerDemo@4f2b503c]" started-at="2024-01-13T22:43:23 IST" name="aMeth" finished-at="2024-01-13T22:43:23 IST" duration-ms="25" status="PASS">
          <reporter-output>
          </reporter-output>
        </test-method> <!-- aMeth -->
      </class> <!-- javaPackage.TestNGListenerDemo -->
    </test> <!-- Default test -->
  </suite> <!-- Default suite -->
</testng-results>
